<?xml version="1.0" encoding="UTF-8"?>
<testsuite xmlns:xsi="http://www.w3.org/2001/XMLSchema-instance" xsi:noNamespaceSchemaLocation="https://maven.apache.org/surefire/maven-surefire-plugin/xsd/surefire-test-report-3.0.xsd" version="3.0" name="com.example.springbatch.TestJobIntegrationTest" time="4.732" tests="1" errors="0" skipped="0" failures="0">
  <properties>
[...]
</properties>
  <testcase name="testJobLaunchesSuccessfully" classname="com.example.springbatch.TestJobIntegrationTest" time="2.846">
    <system-out><![CDATA[23:02:54.584 [main] INFO org.springframework.test.context.support.AnnotationConfigContextLoaderUtils -- Could not detect default configuration classes for test class [com.example.springbatch.TestJobIntegrationTest]: TestJobIntegrationTest does not declare any static, non-private, non-final, nested classes annotated with @Configuration.
23:02:54.619 [main] INFO org.springframework.boot.test.context.SpringBootTestContextBootstrapper -- Found @SpringBootConfiguration com.example.springbatch.SpringBatchDemoApplication for test class com.example.springbatch.TestJobIntegrationTest

  .   ____          _            __ _ _
 /\\ / ___'_ __ _ _(_)_ __  __ _ \ \ \ \
( ( )\___ | '_ | '_| | '_ \/ _` | \ \ \ \
 \\/  ___)| |_)| | | | | || (_| |  ) ) ) )
  '  |____| .__|_| |_|_| |_\__, | / / / /
 =========|_|==============|___/=/_/_/_/
&amp#27;[32m :: Spring Boot :: &amp#27;[39m              &amp#27;[2m (v3.2.0)&amp#27;[0;39m

2025-10-31 23:02:54 [main] INFO  c.e.s.TestJobIntegrationTest - Starting TestJobIntegrationTest using Java 24.0.1 with PID 65961 (started by guohaijiao in /Users/guohaijiao/springbatch)
2025-10-31 23:02:54 [main] DEBUG c.e.s.TestJobIntegrationTest - Running with Spring Boot v3.2.0, Spring v6.1.1
2025-10-31 23:02:54 [main] INFO  c.e.s.TestJobIntegrationTest - No active profile set, falling back to 1 default profile: "default"
2025-10-31 23:02:54 [main] INFO  o.s.d.r.c.RepositoryConfigurationDelegate - Bootstrapping Spring Data JPA repositories in DEFAULT mode.
2025-10-31 23:02:55 [main] INFO  o.s.d.r.c.RepositoryConfigurationDelegate - Finished Spring Data repository scanning in 19 ms. Found 2 JPA repository interfaces.
2025-10-31 23:02:55 [main] WARN  o.s.c.s.PostProcessorRegistrationDelegate$BeanPostProcessorChecker - Bean 'org.springframework.boot.autoconfigure.jdbc.DataSourceConfiguration$Hikari' of type [org.springframework.boot.autoconfigure.jdbc.DataSourceConfiguration$Hikari] is not eligible for getting processed by all BeanPostProcessors (for example: not eligible for auto-proxying). Is this bean getting eagerly injected into a currently created BeanPostProcessor [jobRegistryBeanPostProcessor]? Check the corresponding BeanPostProcessor declaration and its dependencies.
2025-10-31 23:02:55 [main] WARN  o.s.c.s.PostProcessorRegistrationDelegate$BeanPostProcessorChecker - Bean 'spring.datasource-org.springframework.boot.autoconfigure.jdbc.DataSourceProperties' of type [org.springframework.boot.autoconfigure.jdbc.DataSourceProperties] is not eligible for getting processed by all BeanPostProcessors (for example: not eligible for auto-proxying). Is this bean getting eagerly injected into a currently created BeanPostProcessor [jobRegistryBeanPostProcessor]? Check the corresponding BeanPostProcessor declaration and its dependencies.
2025-10-31 23:02:55 [main] WARN  o.s.c.s.PostProcessorRegistrationDelegate$BeanPostProcessorChecker - Bean 'org.springframework.boot.autoconfigure.jdbc.DataSourceAutoConfiguration$PooledDataSourceConfiguration' of type [org.springframework.boot.autoconfigure.jdbc.DataSourceAutoConfiguration$PooledDataSourceConfiguration] is not eligible for getting processed by all BeanPostProcessors (for example: not eligible for auto-proxying). Is this bean getting eagerly injected into a currently created BeanPostProcessor [jobRegistryBeanPostProcessor]? Check the corresponding BeanPostProcessor declaration and its dependencies.
2025-10-31 23:02:55 [main] WARN  o.s.c.s.PostProcessorRegistrationDelegate$BeanPostProcessorChecker - Bean 'jdbcConnectionDetails' of type [org.springframework.boot.autoconfigure.jdbc.PropertiesJdbcConnectionDetails] is not eligible for getting processed by all BeanPostProcessors (for example: not eligible for auto-proxying). Is this bean getting eagerly injected into a currently created BeanPostProcessor [jobRegistryBeanPostProcessor]? Check the corresponding BeanPostProcessor declaration and its dependencies.
2025-10-31 23:02:55 [main] WARN  o.s.c.s.PostProcessorRegistrationDelegate$BeanPostProcessorChecker - Bean 'dataSource' of type [com.zaxxer.hikari.HikariDataSource] is not eligible for getting processed by all BeanPostProcessors (for example: not eligible for auto-proxying). Is this bean getting eagerly injected into a currently created BeanPostProcessor [jobRegistryBeanPostProcessor]? Check the corresponding BeanPostProcessor declaration and its dependencies.
2025-10-31 23:02:55 [main] WARN  o.s.c.s.PostProcessorRegistrationDelegate$BeanPostProcessorChecker - Bean 'spring.jpa-org.springframework.boot.autoconfigure.orm.jpa.JpaProperties' of type [org.springframework.boot.autoconfigure.orm.jpa.JpaProperties] is not eligible for getting processed by all BeanPostProcessors (for example: not eligible for auto-proxying). Is this bean getting eagerly injected into a currently created BeanPostProcessor [jobRegistryBeanPostProcessor]? Check the corresponding BeanPostProcessor declaration and its dependencies.
2025-10-31 23:02:55 [main] WARN  o.s.c.s.PostProcessorRegistrationDelegate$BeanPostProcessorChecker - Bean 'spring.jpa.hibernate-org.springframework.boot.autoconfigure.orm.jpa.HibernateProperties' of type [org.springframework.boot.autoconfigure.orm.jpa.HibernateProperties] is not eligible for getting processed by all BeanPostProcessors (for example: not eligible for auto-proxying). Is this bean getting eagerly injected into a currently created BeanPostProcessor [jobRegistryBeanPostProcessor]? Check the corresponding BeanPostProcessor declaration and its dependencies.
2025-10-31 23:02:55 [main] WARN  o.s.c.s.PostProcessorRegistrationDelegate$BeanPostProcessorChecker - Bean 'org.springframework.boot.autoconfigure.jdbc.metadata.DataSourcePoolMetadataProvidersConfiguration$HikariPoolDataSourceMetadataProviderConfiguration' of type [org.springframework.boot.autoconfigure.jdbc.metadata.DataSourcePoolMetadataProvidersConfiguration$HikariPoolDataSourceMetadataProviderConfiguration] is not eligible for getting processed by all BeanPostProcessors (for example: not eligible for auto-proxying). Is this bean getting eagerly injected into a currently created BeanPostProcessor [jobRegistryBeanPostProcessor]? Check the corresponding BeanPostProcessor declaration and its dependencies.
2025-10-31 23:02:55 [main] WARN  o.s.c.s.PostProcessorRegistrationDelegate$BeanPostProcessorChecker - Bean 'hikariPoolDataSourceMetadataProvider' of type [org.springframework.boot.autoconfigure.jdbc.metadata.DataSourcePoolMetadataProvidersConfiguration$HikariPoolDataSourceMetadataProviderConfiguration$$Lambda/0x000001fe0131c240] is not eligible for getting processed by all BeanPostProcessors (for example: not eligible for auto-proxying). Is this bean getting eagerly injected into a currently created BeanPostProcessor [jobRegistryBeanPostProcessor]? Check the corresponding BeanPostProcessor declaration and its dependencies.
2025-10-31 23:02:55 [main] WARN  o.s.c.s.PostProcessorRegistrationDelegate$BeanPostProcessorChecker - Bean 'org.springframework.boot.autoconfigure.orm.jpa.HibernateJpaConfiguration' of type [org.springframework.boot.autoconfigure.orm.jpa.HibernateJpaConfiguration] is not eligible for getting processed by all BeanPostProcessors (for example: not eligible for auto-proxying). Is this bean getting eagerly injected into a currently created BeanPostProcessor [jobRegistryBeanPostProcessor]? Check the corresponding BeanPostProcessor declaration and its dependencies.
2025-10-31 23:02:55 [main] WARN  o.s.c.s.PostProcessorRegistrationDelegate$BeanPostProcessorChecker - Bean 'org.springframework.boot.autoconfigure.transaction.TransactionManagerCustomizationAutoConfiguration' of type [org.springframework.boot.autoconfigure.transaction.TransactionManagerCustomizationAutoConfiguration] is not eligible for getting processed by all BeanPostProcessors (for example: not eligible for auto-proxying). Is this bean getting eagerly injected into a currently created BeanPostProcessor [jobRegistryBeanPostProcessor]? Check the corresponding BeanPostProcessor declaration and its dependencies.
2025-10-31 23:02:55 [main] WARN  o.s.c.s.PostProcessorRegistrationDelegate$BeanPostProcessorChecker - Bean 'transactionExecutionListeners' of type [org.springframework.boot.autoconfigure.transaction.ExecutionListenersTransactionManagerCustomizer] is not eligible for getting processed by all BeanPostProcessors (for example: not eligible for auto-proxying). Is this bean getting eagerly injected into a currently created BeanPostProcessor [jobRegistryBeanPostProcessor]? Check the corresponding BeanPostProcessor declaration and its dependencies.
2025-10-31 23:02:55 [main] WARN  o.s.c.s.PostProcessorRegistrationDelegate$BeanPostProcessorChecker - Bean 'spring.transaction-org.springframework.boot.autoconfigure.transaction.TransactionProperties' of type [org.springframework.boot.autoconfigure.transaction.TransactionProperties] is not eligible for getting processed by all BeanPostProcessors (for example: not eligible for auto-proxying). Is this bean getting eagerly injected into a currently created BeanPostProcessor [jobRegistryBeanPostProcessor]? Check the corresponding BeanPostProcessor declaration and its dependencies.
2025-10-31 23:02:55 [main] WARN  o.s.c.s.PostProcessorRegistrationDelegate$BeanPostProcessorChecker - Bean 'platformTransactionManagerCustomizers' of type [org.springframework.boot.autoconfigure.transaction.TransactionManagerCustomizers] is not eligible for getting processed by all BeanPostProcessors (for example: not eligible for auto-proxying). Is this bean getting eagerly injected into a currently created BeanPostProcessor [jobRegistryBeanPostProcessor]? Check the corresponding BeanPostProcessor declaration and its dependencies.
2025-10-31 23:02:55 [main] WARN  o.s.c.s.PostProcessorRegistrationDelegate$BeanPostProcessorChecker - Bean 'org.springframework.boot.autoconfigure.sql.init.DataSourceInitializationConfiguration' of type [org.springframework.boot.autoconfigure.sql.init.DataSourceInitializationConfiguration] is not eligible for getting processed by all BeanPostProcessors (for example: not eligible for auto-proxying). Is this bean getting eagerly injected into a currently created BeanPostProcessor [jobRegistryBeanPostProcessor]? Check the corresponding BeanPostProcessor declaration and its dependencies.
2025-10-31 23:02:55 [main] WARN  o.s.c.s.PostProcessorRegistrationDelegate$BeanPostProcessorChecker - Bean 'spring.sql.init-org.springframework.boot.autoconfigure.sql.init.SqlInitializationProperties' of type [org.springframework.boot.autoconfigure.sql.init.SqlInitializationProperties] is not eligible for getting processed by all BeanPostProcessors (for example: not eligible for auto-proxying). Is this bean getting eagerly injected into a currently created BeanPostProcessor [jobRegistryBeanPostProcessor]? Check the corresponding BeanPostProcessor declaration and its dependencies.
2025-10-31 23:02:55 [main] WARN  o.s.c.s.PostProcessorRegistrationDelegate$BeanPostProcessorChecker - Bean 'dataSourceScriptDatabaseInitializer' of type [org.springframework.boot.autoconfigure.sql.init.SqlDataSourceScriptDatabaseInitializer] is not eligible for getting processed by all BeanPostProcessors (for example: not eligible for auto-proxying). Is this bean getting eagerly injected into a currently created BeanPostProcessor [jobRegistryBeanPostProcessor]? Check the corresponding BeanPostProcessor declaration and its dependencies.
2025-10-31 23:02:55 [main] WARN  o.s.c.s.PostProcessorRegistrationDelegate$BeanPostProcessorChecker - Bean 'org.springframework.boot.autoconfigure.batch.BatchAutoConfiguration$DataSourceInitializerConfiguration' of type [org.springframework.boot.autoconfigure.batch.BatchAutoConfiguration$DataSourceInitializerConfiguration] is not eligible for getting processed by all BeanPostProcessors (for example: not eligible for auto-proxying). Is this bean getting eagerly injected into a currently created BeanPostProcessor [jobRegistryBeanPostProcessor]? Check the corresponding BeanPostProcessor declaration and its dependencies.
2025-10-31 23:02:55 [main] WARN  o.s.c.s.PostProcessorRegistrationDelegate$BeanPostProcessorChecker - Bean 'spring.batch-org.springframework.boot.autoconfigure.batch.BatchProperties' of type [org.springframework.boot.autoconfigure.batch.BatchProperties] is not eligible for getting processed by all BeanPostProcessors (for example: not eligible for auto-proxying). Is this bean getting eagerly injected into a currently created BeanPostProcessor [jobRegistryBeanPostProcessor]? Check the corresponding BeanPostProcessor declaration and its dependencies.
2025-10-31 23:02:55 [main] DEBUG o.s.jdbc.datasource.DataSourceUtils - Fetching JDBC Connection from DataSource
2025-10-31 23:02:55 [main] INFO  com.zaxxer.hikari.HikariDataSource - HikariPool-1 - Starting...
2025-10-31 23:02:55 [main] INFO  com.zaxxer.hikari.pool.HikariPool - HikariPool-1 - Added connection conn0: url=jdbc:h2:mem:batchdb user=SA
2025-10-31 23:02:55 [main] INFO  com.zaxxer.hikari.HikariDataSource - HikariPool-1 - Start completed.
2025-10-31 23:02:55 [main] DEBUG o.s.jdbc.datasource.DataSourceUtils - Fetching JDBC Connection from DataSource
2025-10-31 23:02:55 [main] DEBUG o.s.jdbc.datasource.init.ScriptUtils - Executing SQL script from class path resource [org/springframework/batch/core/schema-h2.sql]
2025-10-31 23:02:55 [main] DEBUG o.s.jdbc.datasource.init.ScriptUtils - 0 returned as update count for SQL: CREATE TABLE BATCH_JOB_INSTANCE ( JOB_INSTANCE_ID BIGINT GENERATED BY DEFAULT AS IDENTITY PRIMARY KEY , VERSION BIGINT , JOB_NAME VARCHAR(100) NOT NULL, JOB_KEY VARCHAR(32) NOT NULL, constraint JOB_INST_UN unique (JOB_NAME, JOB_KEY) ) 
2025-10-31 23:02:55 [main] DEBUG o.s.jdbc.datasource.init.ScriptUtils - 0 returned as update count for SQL: CREATE TABLE BATCH_JOB_EXECUTION ( JOB_EXECUTION_ID BIGINT GENERATED BY DEFAULT AS IDENTITY PRIMARY KEY , VERSION BIGINT , JOB_INSTANCE_ID BIGINT NOT NULL, CREATE_TIME TIMESTAMP(9) NOT NULL, START_TIME TIMESTAMP(9) DEFAULT NULL , END_TIME TIMESTAMP(9) DEFAULT NULL , STATUS VARCHAR(10) , EXIT_CODE VARCHAR(2500) , EXIT_MESSAGE VARCHAR(2500) , LAST_UPDATED TIMESTAMP(9), constraint JOB_INST_EXEC_FK foreign key (JOB_INSTANCE_ID) references BATCH_JOB_INSTANCE(JOB_INSTANCE_ID) ) 
2025-10-31 23:02:55 [main] DEBUG o.s.jdbc.datasource.init.ScriptUtils - 0 returned as update count for SQL: CREATE TABLE BATCH_JOB_EXECUTION_PARAMS ( JOB_EXECUTION_ID BIGINT NOT NULL , PARAMETER_NAME VARCHAR(100) NOT NULL , PARAMETER_TYPE VARCHAR(100) NOT NULL , PARAMETER_VALUE VARCHAR(2500) , IDENTIFYING CHAR(1) NOT NULL , constraint JOB_EXEC_PARAMS_FK foreign key (JOB_EXECUTION_ID) references BATCH_JOB_EXECUTION(JOB_EXECUTION_ID) ) 
2025-10-31 23:02:55 [main] DEBUG o.s.jdbc.datasource.init.ScriptUtils - 0 returned as update count for SQL: CREATE TABLE BATCH_STEP_EXECUTION ( STEP_EXECUTION_ID BIGINT GENERATED BY DEFAULT AS IDENTITY PRIMARY KEY , VERSION BIGINT NOT NULL, STEP_NAME VARCHAR(100) NOT NULL, JOB_EXECUTION_ID BIGINT NOT NULL, CREATE_TIME TIMESTAMP(9) NOT NULL, START_TIME TIMESTAMP(9) DEFAULT NULL , END_TIME TIMESTAMP(9) DEFAULT NULL , STATUS VARCHAR(10) , COMMIT_COUNT BIGINT , READ_COUNT BIGINT , FILTER_COUNT BIGINT , WRITE_COUNT BIGINT , READ_SKIP_COUNT BIGINT , WRITE_SKIP_COUNT BIGINT , PROCESS_SKIP_COUNT BIGINT , ROLLBACK_COUNT BIGINT , EXIT_CODE VARCHAR(2500) , EXIT_MESSAGE VARCHAR(2500) , LAST_UPDATED TIMESTAMP(9), constraint JOB_EXEC_STEP_FK foreign key (JOB_EXECUTION_ID) references BATCH_JOB_EXECUTION(JOB_EXECUTION_ID) ) 
2025-10-31 23:02:55 [main] DEBUG o.s.jdbc.datasource.init.ScriptUtils - 0 returned as update count for SQL: CREATE TABLE BATCH_STEP_EXECUTION_CONTEXT ( STEP_EXECUTION_ID BIGINT NOT NULL PRIMARY KEY, SHORT_CONTEXT VARCHAR(2500) NOT NULL, SERIALIZED_CONTEXT LONGVARCHAR , constraint STEP_EXEC_CTX_FK foreign key (STEP_EXECUTION_ID) references BATCH_STEP_EXECUTION(STEP_EXECUTION_ID) ) 
2025-10-31 23:02:55 [main] DEBUG o.s.jdbc.datasource.init.ScriptUtils - 0 returned as update count for SQL: CREATE TABLE BATCH_JOB_EXECUTION_CONTEXT ( JOB_EXECUTION_ID BIGINT NOT NULL PRIMARY KEY, SHORT_CONTEXT VARCHAR(2500) NOT NULL, SERIALIZED_CONTEXT LONGVARCHAR , constraint JOB_EXEC_CTX_FK foreign key (JOB_EXECUTION_ID) references BATCH_JOB_EXECUTION(JOB_EXECUTION_ID) ) 
2025-10-31 23:02:55 [main] DEBUG o.s.jdbc.datasource.init.ScriptUtils - 0 returned as update count for SQL: CREATE SEQUENCE BATCH_STEP_EXECUTION_SEQ
2025-10-31 23:02:55 [main] DEBUG o.s.jdbc.datasource.init.ScriptUtils - 0 returned as update count for SQL: CREATE SEQUENCE BATCH_JOB_EXECUTION_SEQ
2025-10-31 23:02:55 [main] DEBUG o.s.jdbc.datasource.init.ScriptUtils - 0 returned as update count for SQL: CREATE SEQUENCE BATCH_JOB_SEQ
2025-10-31 23:02:55 [main] DEBUG o.s.jdbc.datasource.init.ScriptUtils - Executed SQL script from class path resource [org/springframework/batch/core/schema-h2.sql] in 17 ms.
2025-10-31 23:02:55 [main] WARN  o.s.c.s.PostProcessorRegistrationDelegate$BeanPostProcessorChecker - Bean 'batchDataSourceInitializer' of type [org.springframework.boot.autoconfigure.batch.BatchDataSourceScriptDatabaseInitializer] is not eligible for getting processed by all BeanPostProcessors (for example: not eligible for auto-proxying). Is this bean getting eagerly injected into a currently created BeanPostProcessor [jobRegistryBeanPostProcessor]? Check the corresponding BeanPostProcessor declaration and its dependencies.
2025-10-31 23:02:55 [main] WARN  o.s.c.s.PostProcessorRegistrationDelegate$BeanPostProcessorChecker - Bean 'jpaVendorAdapter' of type [org.springframework.orm.jpa.vendor.HibernateJpaVendorAdapter] is not eligible for getting processed by all BeanPostProcessors (for example: not eligible for auto-proxying). Is this bean getting eagerly injected into a currently created BeanPostProcessor [jobRegistryBeanPostProcessor]? Check the corresponding BeanPostProcessor declaration and its dependencies.
2025-10-31 23:02:55 [main] WARN  o.s.c.s.PostProcessorRegistrationDelegate$BeanPostProcessorChecker - Bean 'entityManagerFactoryBuilder' of type [org.springframework.boot.orm.jpa.EntityManagerFactoryBuilder] is not eligible for getting processed by all BeanPostProcessors (for example: not eligible for auto-proxying). Is this bean getting eagerly injected into a currently created BeanPostProcessor [jobRegistryBeanPostProcessor]? Check the corresponding BeanPostProcessor declaration and its dependencies.
2025-10-31 23:02:55 [main] WARN  o.s.c.s.PostProcessorRegistrationDelegate$BeanPostProcessorChecker - Bean 'persistenceManagedTypes' of type [org.springframework.orm.jpa.persistenceunit.SimplePersistenceManagedTypes] is not eligible for getting processed by all BeanPostProcessors (for example: not eligible for auto-proxying). Is this bean getting eagerly injected into a currently created BeanPostProcessor [jobRegistryBeanPostProcessor]? Check the corresponding BeanPostProcessor declaration and its dependencies.
2025-10-31 23:02:55 [main] INFO  o.h.jpa.internal.util.LogHelper - HHH000204: Processing PersistenceUnitInfo [name: default]
2025-10-31 23:02:55 [main] INFO  org.hibernate.Version - HHH000412: Hibernate ORM core version 6.3.1.Final
2025-10-31 23:02:55 [main] INFO  o.h.c.i.RegionFactoryInitiator - HHH000026: Second-level cache disabled
2025-10-31 23:02:55 [main] INFO  o.s.o.j.p.SpringPersistenceUnitInfo - No LoadTimeWeaver setup: ignoring JPA class transformer
2025-10-31 23:02:55 [main] WARN  org.hibernate.orm.deprecation - HHH90000025: H2Dialect does not need to be specified explicitly using 'hibernate.dialect' (remove the property setting and it will be selected by default)
2025-10-31 23:02:55 [main] INFO  o.h.e.t.j.p.i.JtaPlatformInitiator - HHH000489: No JTA platform available (set 'hibernate.transaction.jta.platform' to enable JTA platform integration)
Hibernate: 
    drop table if exists batch_execution cascade 
Hibernate: 
    drop table if exists task cascade 
Hibernate: 
    create table batch_execution (
        created_at timestamp(6),
        end_time timestamp(6),
        id bigint generated by default as identity,
        job_id bigint,
        start_time timestamp(6),
        batch_id varchar(255) unique,
        status varchar(255),
        primary key (id)
    )
Hibernate: 
    create table task (
        priority integer,
        processed boolean,
        id bigint generated by default as identity,
        processed_at timestamp(6),
        description varchar(255),
        status varchar(255),
        task_name varchar(255),
        primary key (id)
    )
2025-10-31 23:02:55 [main] INFO  o.s.o.j.LocalContainerEntityManagerFactoryBean - Initialized JPA EntityManagerFactory for persistence unit 'default'
2025-10-31 23:02:55 [main] WARN  o.s.c.s.PostProcessorRegistrationDelegate$BeanPostProcessorChecker - Bean 'entityManagerFactory' of type [org.springframework.orm.jpa.LocalContainerEntityManagerFactoryBean] is not eligible for getting processed by all BeanPostProcessors (for example: not eligible for auto-proxying). Is this bean getting eagerly injected into a currently created BeanPostProcessor [jobRegistryBeanPostProcessor]? Check the corresponding BeanPostProcessor declaration and its dependencies.
2025-10-31 23:02:55 [main] WARN  o.s.c.s.PostProcessorRegistrationDelegate$BeanPostProcessorChecker - Bean 'entityManagerFactory' of type [jdk.proxy2.$Proxy105] is not eligible for getting processed by all BeanPostProcessors (for example: not eligible for auto-proxying). Is this bean getting eagerly injected into a currently created BeanPostProcessor [jobRegistryBeanPostProcessor]? Check the corresponding BeanPostProcessor declaration and its dependencies.
2025-10-31 23:02:55 [main] WARN  o.s.c.s.PostProcessorRegistrationDelegate$BeanPostProcessorChecker - Bean 'transactionManager' of type [org.springframework.orm.jpa.JpaTransactionManager] is not eligible for getting processed by all BeanPostProcessors (for example: not eligible for auto-proxying). Is this bean getting eagerly injected into a currently created BeanPostProcessor [jobRegistryBeanPostProcessor]? Check the corresponding BeanPostProcessor declaration and its dependencies.
2025-10-31 23:02:55 [main] WARN  o.s.c.s.PostProcessorRegistrationDelegate$BeanPostProcessorChecker - Bean 'org.springframework.boot.autoconfigure.batch.BatchAutoConfiguration$SpringBootBatchConfiguration' of type [org.springframework.boot.autoconfigure.batch.BatchAutoConfiguration$SpringBootBatchConfiguration] is not eligible for getting processed by all BeanPostProcessors (for example: not eligible for auto-proxying). The currently created BeanPostProcessor [jobRegistryBeanPostProcessor] is declared through a non-static factory method on that class; consider declaring it as static instead.
2025-10-31 23:02:55 [main] DEBUG o.s.jdbc.datasource.DataSourceUtils - Fetching JDBC Connection from DataSource
2025-10-31 23:02:55 [main] DEBUG o.s.jdbc.datasource.DataSourceUtils - Fetching JDBC Connection from DataSource
2025-10-31 23:02:55 [main] DEBUG o.s.jdbc.datasource.DataSourceUtils - Fetching JDBC Connection from DataSource
2025-10-31 23:02:55 [main] DEBUG o.s.jdbc.datasource.DataSourceUtils - Fetching JDBC Connection from DataSource
2025-10-31 23:02:55 [main] DEBUG c.e.s.c.AbstractSingleTaskletJobConfiguration - Job [singleAsyncJob] is already registered. Skipping duplicate registration.
2025-10-31 23:02:55 [main] DEBUG c.e.s.c.AbstractSingleTaskletJobConfiguration - Job [customReportJob] is already registered. Skipping duplicate registration.
2025-10-31 23:02:55 [main] DEBUG c.e.s.c.AbstractSingleTaskletJobConfiguration - Job [testJob] is already registered. Skipping duplicate registration.
2025-10-31 23:02:55 [main] INFO  o.s.d.j.r.query.QueryEnhancerFactory - Hibernate is in classpath; If applicable, HQL parser will be used.
2025-10-31 23:02:56 [main] WARN  o.s.b.a.o.j.JpaBaseConfiguration$JpaWebConfiguration - spring.jpa.open-in-view is enabled by default. Therefore, database queries may be performed during view rendering. Explicitly configure spring.jpa.open-in-view to disable this warning
2025-10-31 23:02:56 [main] INFO  o.s.b.a.w.s.WelcomePageHandlerMapping - Adding welcome page template: index
2025-10-31 23:02:56 [main] INFO  o.s.b.a.h.H2ConsoleAutoConfiguration - H2 console available at '/h2-console'. Database available at 'jdbc:h2:mem:batchdb'
2025-10-31 23:02:56 [main] INFO  c.e.s.TestJobIntegrationTest - Started TestJobIntegrationTest in 1.746 seconds (process running for 2.04)
2025-10-31 23:02:56 [main] DEBUG o.s.jdbc.datasource.DataSourceUtils - Changing isolation level of JDBC Connection [HikariProxyConnection@1732043334 wrapping conn0: url=jdbc:h2:mem:batchdb user=SA] to 8
2025-10-31 23:02:56 [main] DEBUG o.s.jdbc.core.JdbcTemplate - Executing prepared SQL query
2025-10-31 23:02:56 [main] DEBUG o.s.jdbc.core.JdbcTemplate - Executing prepared SQL statement [SELECT JOB_INSTANCE_ID, JOB_NAME
FROM BATCH_JOB_INSTANCE
WHERE JOB_NAME = ?
 and JOB_KEY = ?]
2025-10-31 23:02:56 [main] DEBUG o.s.jdbc.datasource.DataSourceUtils - Resetting isolation level of JDBC Connection [HikariProxyConnection@1732043334 wrapping conn0: url=jdbc:h2:mem:batchdb user=SA] to 2
2025-10-31 23:02:56 [main] DEBUG o.s.jdbc.datasource.DataSourceUtils - Changing isolation level of JDBC Connection [HikariProxyConnection@1437252722 wrapping conn0: url=jdbc:h2:mem:batchdb user=SA] to 8
2025-10-31 23:02:56 [main] DEBUG o.s.jdbc.core.JdbcTemplate - Executing prepared SQL query
2025-10-31 23:02:56 [main] DEBUG o.s.jdbc.core.JdbcTemplate - Executing prepared SQL statement [SELECT JOB_INSTANCE_ID, JOB_NAME
FROM BATCH_JOB_INSTANCE
WHERE JOB_NAME = ?
 and JOB_KEY = ?]
2025-10-31 23:02:56 [main] DEBUG o.s.jdbc.core.JdbcTemplate - Executing prepared SQL query
2025-10-31 23:02:56 [main] DEBUG o.s.jdbc.core.JdbcTemplate - Executing prepared SQL statement [SELECT JOB_INSTANCE_ID, JOB_NAME
FROM BATCH_JOB_INSTANCE
WHERE JOB_NAME = ?
 and JOB_KEY = ?]
2025-10-31 23:02:56 [main] DEBUG o.s.jdbc.core.JdbcTemplate - Executing prepared SQL update
2025-10-31 23:02:56 [main] DEBUG o.s.jdbc.core.JdbcTemplate - Executing prepared SQL statement [INSERT INTO BATCH_JOB_INSTANCE(JOB_INSTANCE_ID, JOB_NAME, JOB_KEY, VERSION)
	VALUES (?, ?, ?, ?)
]
2025-10-31 23:02:56 [main] DEBUG o.s.jdbc.core.JdbcTemplate - Executing prepared SQL update
2025-10-31 23:02:56 [main] DEBUG o.s.jdbc.core.JdbcTemplate - Executing prepared SQL statement [INSERT INTO BATCH_JOB_EXECUTION(JOB_EXECUTION_ID, JOB_INSTANCE_ID, START_TIME, END_TIME, STATUS, EXIT_CODE, EXIT_MESSAGE, VERSION, CREATE_TIME, LAST_UPDATED)
	VALUES (?, ?, ?, ?, ?, ?, ?, ?, ?, ?)
]
2025-10-31 23:02:56 [main] DEBUG o.s.jdbc.core.JdbcTemplate - Executing SQL batch update [INSERT INTO BATCH_JOB_EXECUTION_PARAMS(JOB_EXECUTION_ID, PARAMETER_NAME, PARAMETER_TYPE, PARAMETER_VALUE, IDENTIFYING)
	VALUES (?, ?, ?, ?, ?)
] with a batch size of 100
2025-10-31 23:02:56 [main] DEBUG o.s.jdbc.core.JdbcTemplate - Executing prepared SQL statement [INSERT INTO BATCH_JOB_EXECUTION_PARAMS(JOB_EXECUTION_ID, PARAMETER_NAME, PARAMETER_TYPE, PARAMETER_VALUE, IDENTIFYING)
	VALUES (?, ?, ?, ?, ?)
]
2025-10-31 23:02:56 [main] DEBUG o.s.jdbc.support.JdbcUtils - JDBC driver supports batch updates
2025-10-31 23:02:56 [main] DEBUG o.s.jdbc.core.JdbcTemplate - Executing prepared SQL update
2025-10-31 23:02:56 [main] DEBUG o.s.jdbc.core.JdbcTemplate - Executing prepared SQL statement [INSERT INTO BATCH_JOB_EXECUTION_CONTEXT (SHORT_CONTEXT, SERIALIZED_CONTEXT, JOB_EXECUTION_ID)
	VALUES(?, ?, ?)
]
2025-10-31 23:02:56 [main] DEBUG o.s.jdbc.datasource.DataSourceUtils - Resetting isolation level of JDBC Connection [HikariProxyConnection@1437252722 wrapping conn0: url=jdbc:h2:mem:batchdb user=SA] to 2
2025-10-31 23:02:56 [main] INFO  o.s.b.c.l.support.SimpleJobLauncher - Job: [SimpleJob: [name=testJob]] launched with the following parameters: [{'time':'{value=1761919376679, type=class java.lang.Long, identifying=true}'}]
2025-10-31 23:02:56 [main] DEBUG o.s.jdbc.core.JdbcTemplate - Executing prepared SQL query
2025-10-31 23:02:56 [main] DEBUG o.s.jdbc.core.JdbcTemplate - Executing prepared SQL statement [SELECT VERSION
FROM BATCH_JOB_EXECUTION
WHERE JOB_EXECUTION_ID=?
]
2025-10-31 23:02:56 [main] DEBUG o.s.jdbc.core.JdbcTemplate - Executing prepared SQL query
2025-10-31 23:02:56 [main] DEBUG o.s.jdbc.core.JdbcTemplate - Executing prepared SQL statement [SELECT COUNT(*)
FROM BATCH_JOB_EXECUTION
WHERE JOB_EXECUTION_ID = ?
]
2025-10-31 23:02:56 [main] DEBUG o.s.jdbc.core.JdbcTemplate - Executing prepared SQL update
2025-10-31 23:02:56 [main] DEBUG o.s.jdbc.core.JdbcTemplate - Executing prepared SQL statement [UPDATE BATCH_JOB_EXECUTION
SET START_TIME = ?, END_TIME = ?,  STATUS = ?, EXIT_CODE = ?, EXIT_MESSAGE = ?, VERSION = ?, CREATE_TIME = ?, LAST_UPDATED = ?
WHERE JOB_EXECUTION_ID = ? AND VERSION = ?
]
2025-10-31 23:02:56 [main] DEBUG o.s.jdbc.core.JdbcTemplate - Executing prepared SQL query
2025-10-31 23:02:56 [main] DEBUG o.s.jdbc.core.JdbcTemplate - Executing prepared SQL statement [SELECT SE.STEP_EXECUTION_ID, SE.STEP_NAME, SE.START_TIME, SE.END_TIME, SE.STATUS, SE.COMMIT_COUNT, SE.READ_COUNT, SE.FILTER_COUNT, SE.WRITE_COUNT, SE.EXIT_CODE, SE.EXIT_MESSAGE, SE.READ_SKIP_COUNT, SE.WRITE_SKIP_COUNT, SE.PROCESS_SKIP_COUNT, SE.ROLLBACK_COUNT, SE.LAST_UPDATED, SE.VERSION, SE.CREATE_TIME, JE.JOB_EXECUTION_ID, JE.START_TIME, JE.END_TIME, JE.STATUS, JE.EXIT_CODE, JE.EXIT_MESSAGE, JE.CREATE_TIME, JE.LAST_UPDATED, JE.VERSION
FROM BATCH_JOB_EXECUTION JE
	JOIN BATCH_STEP_EXECUTION SE ON SE.JOB_EXECUTION_ID = JE.JOB_EXECUTION_ID
WHERE JE.JOB_INSTANCE_ID = ? AND SE.STEP_NAME = ?
ORDER BY SE.CREATE_TIME DESC, SE.STEP_EXECUTION_ID DESC
]
2025-10-31 23:02:56 [main] DEBUG o.s.jdbc.core.JdbcTemplate - Executing prepared SQL query
2025-10-31 23:02:56 [main] DEBUG o.s.jdbc.core.JdbcTemplate - Executing prepared SQL statement [SELECT COUNT(*)
FROM BATCH_JOB_EXECUTION JE
	JOIN BATCH_STEP_EXECUTION SE ON SE.JOB_EXECUTION_ID = JE.JOB_EXECUTION_ID
WHERE JE.JOB_INSTANCE_ID = ? AND SE.STEP_NAME = ?
]
2025-10-31 23:02:56 [main] DEBUG o.s.jdbc.core.JdbcTemplate - Executing prepared SQL update
2025-10-31 23:02:56 [main] DEBUG o.s.jdbc.core.JdbcTemplate - Executing prepared SQL statement [INSERT INTO BATCH_STEP_EXECUTION(STEP_EXECUTION_ID, VERSION, STEP_NAME, JOB_EXECUTION_ID, START_TIME, END_TIME, STATUS, COMMIT_COUNT, READ_COUNT, FILTER_COUNT, WRITE_COUNT, EXIT_CODE, EXIT_MESSAGE, READ_SKIP_COUNT, WRITE_SKIP_COUNT, PROCESS_SKIP_COUNT, ROLLBACK_COUNT, LAST_UPDATED, CREATE_TIME)
	VALUES (?, ?, ?, ?, ?, ?, ?, ?, ?, ?, ?, ?, ?, ?, ?, ?, ?, ?, ?)
]
2025-10-31 23:02:56 [main] DEBUG o.s.jdbc.core.JdbcTemplate - Executing prepared SQL update
2025-10-31 23:02:56 [main] DEBUG o.s.jdbc.core.JdbcTemplate - Executing prepared SQL statement [INSERT INTO BATCH_STEP_EXECUTION_CONTEXT (SHORT_CONTEXT, SERIALIZED_CONTEXT, STEP_EXECUTION_ID)
	VALUES(?, ?, ?)
]
2025-10-31 23:02:56 [main] INFO  o.s.batch.core.job.SimpleStepHandler - Executing step: [testJobStep]
2025-10-31 23:02:56 [main] DEBUG o.s.jdbc.core.JdbcTemplate - Executing prepared SQL update
2025-10-31 23:02:56 [main] DEBUG o.s.jdbc.core.JdbcTemplate - Executing prepared SQL statement [UPDATE BATCH_STEP_EXECUTION
SET START_TIME = ?, END_TIME = ?, STATUS = ?, COMMIT_COUNT = ?, READ_COUNT = ?, FILTER_COUNT = ?, WRITE_COUNT = ?, EXIT_CODE = ?, EXIT_MESSAGE = ?, VERSION = ?, READ_SKIP_COUNT = ?, PROCESS_SKIP_COUNT = ?, WRITE_SKIP_COUNT = ?, ROLLBACK_COUNT = ?, LAST_UPDATED = ?
WHERE STEP_EXECUTION_ID = ? AND VERSION = ?
]
2025-10-31 23:02:56 [main] DEBUG o.s.jdbc.core.JdbcTemplate - Executing prepared SQL query
2025-10-31 23:02:56 [main] DEBUG o.s.jdbc.core.JdbcTemplate - Executing prepared SQL statement [SELECT VERSION
FROM BATCH_JOB_EXECUTION
WHERE JOB_EXECUTION_ID=?
]
2025-10-31 23:02:56 [main] DEBUG o.s.jdbc.core.JdbcTemplate - Executing prepared SQL update
2025-10-31 23:02:56 [main] DEBUG o.s.jdbc.core.JdbcTemplate - Executing prepared SQL statement [UPDATE BATCH_STEP_EXECUTION_CONTEXT
SET SHORT_CONTEXT = ?, SERIALIZED_CONTEXT = ?
WHERE STEP_EXECUTION_ID = ?
]
2025-10-31 23:02:56 [main] INFO  c.e.s.t.AsyncBusinessJobTasklet - 非同期Job実行開始 - Job実行ID: 1
2025-10-31 23:02:56 [main] INFO  c.e.s.t.AsyncBusinessJobTasklet - 非同期業務処理開始 - Job実行ID: 1, スレッド: main
2025-10-31 23:02:56 [main] INFO  c.e.s.tasklet.TestJobTasklet - testJob 処理開始 - JobExecutionId: 1
2025-10-31 23:02:56 [main] INFO  c.e.s.tasklet.TestJobTasklet - testJob 処理ステップ 1/5
2025-10-31 23:02:57 [main] INFO  c.e.s.tasklet.TestJobTasklet - testJob 処理ステップ 2/5
2025-10-31 23:02:57 [main] INFO  c.e.s.tasklet.TestJobTasklet - testJob 処理ステップ 3/5
2025-10-31 23:02:58 [main] INFO  c.e.s.tasklet.TestJobTasklet - testJob 処理ステップ 4/5
2025-10-31 23:02:58 [main] INFO  c.e.s.tasklet.TestJobTasklet - testJob 処理ステップ 5/5
2025-10-31 23:02:59 [main] INFO  c.e.s.tasklet.TestJobTasklet - testJob 処理完了 - JobExecutionId: 1
2025-10-31 23:02:59 [main] INFO  c.e.s.t.AsyncBusinessJobTasklet - 非同期業務処理完了 - Job実行ID: 1
2025-10-31 23:02:59 [main] INFO  c.e.s.t.AsyncBusinessJobTasklet - 非同期業務Job実行開始完了 - Job実行ID: 1
2025-10-31 23:02:59 [main] DEBUG o.s.jdbc.core.JdbcTemplate - Executing prepared SQL update
2025-10-31 23:02:59 [main] DEBUG o.s.jdbc.core.JdbcTemplate - Executing prepared SQL statement [UPDATE BATCH_STEP_EXECUTION_CONTEXT
SET SHORT_CONTEXT = ?, SERIALIZED_CONTEXT = ?
WHERE STEP_EXECUTION_ID = ?
]
2025-10-31 23:02:59 [main] DEBUG o.s.jdbc.core.JdbcTemplate - Executing prepared SQL update
2025-10-31 23:02:59 [main] DEBUG o.s.jdbc.core.JdbcTemplate - Executing prepared SQL statement [UPDATE BATCH_STEP_EXECUTION
SET START_TIME = ?, END_TIME = ?, STATUS = ?, COMMIT_COUNT = ?, READ_COUNT = ?, FILTER_COUNT = ?, WRITE_COUNT = ?, EXIT_CODE = ?, EXIT_MESSAGE = ?, VERSION = ?, READ_SKIP_COUNT = ?, PROCESS_SKIP_COUNT = ?, WRITE_SKIP_COUNT = ?, ROLLBACK_COUNT = ?, LAST_UPDATED = ?
WHERE STEP_EXECUTION_ID = ? AND VERSION = ?
]
2025-10-31 23:02:59 [main] DEBUG o.s.jdbc.core.JdbcTemplate - Executing prepared SQL query
2025-10-31 23:02:59 [main] DEBUG o.s.jdbc.core.JdbcTemplate - Executing prepared SQL statement [SELECT VERSION
FROM BATCH_JOB_EXECUTION
WHERE JOB_EXECUTION_ID=?
]
2025-10-31 23:02:59 [main] DEBUG o.s.jdbc.core.JdbcTemplate - Executing prepared SQL update
2025-10-31 23:02:59 [main] DEBUG o.s.jdbc.core.JdbcTemplate - Executing prepared SQL statement [UPDATE BATCH_STEP_EXECUTION_CONTEXT
SET SHORT_CONTEXT = ?, SERIALIZED_CONTEXT = ?
WHERE STEP_EXECUTION_ID = ?
]
2025-10-31 23:02:59 [main] INFO  o.s.batch.core.step.AbstractStep - Step: [testJobStep] executed in 2s531ms
2025-10-31 23:02:59 [main] DEBUG o.s.jdbc.core.JdbcTemplate - Executing prepared SQL update
2025-10-31 23:02:59 [main] DEBUG o.s.jdbc.core.JdbcTemplate - Executing prepared SQL statement [UPDATE BATCH_STEP_EXECUTION
SET START_TIME = ?, END_TIME = ?, STATUS = ?, COMMIT_COUNT = ?, READ_COUNT = ?, FILTER_COUNT = ?, WRITE_COUNT = ?, EXIT_CODE = ?, EXIT_MESSAGE = ?, VERSION = ?, READ_SKIP_COUNT = ?, PROCESS_SKIP_COUNT = ?, WRITE_SKIP_COUNT = ?, ROLLBACK_COUNT = ?, LAST_UPDATED = ?
WHERE STEP_EXECUTION_ID = ? AND VERSION = ?
]
2025-10-31 23:02:59 [main] DEBUG o.s.jdbc.core.JdbcTemplate - Executing prepared SQL query
2025-10-31 23:02:59 [main] DEBUG o.s.jdbc.core.JdbcTemplate - Executing prepared SQL statement [SELECT VERSION
FROM BATCH_JOB_EXECUTION
WHERE JOB_EXECUTION_ID=?
]
2025-10-31 23:02:59 [main] DEBUG o.s.jdbc.core.JdbcTemplate - Executing prepared SQL update
2025-10-31 23:02:59 [main] DEBUG o.s.jdbc.core.JdbcTemplate - Executing prepared SQL statement [UPDATE BATCH_JOB_EXECUTION_CONTEXT
SET SHORT_CONTEXT = ?, SERIALIZED_CONTEXT = ?
WHERE JOB_EXECUTION_ID = ?
]
2025-10-31 23:02:59 [main] DEBUG o.s.jdbc.core.JdbcTemplate - Executing prepared SQL query
2025-10-31 23:02:59 [main] DEBUG o.s.jdbc.core.JdbcTemplate - Executing prepared SQL statement [SELECT VERSION
FROM BATCH_JOB_EXECUTION
WHERE JOB_EXECUTION_ID=?
]
2025-10-31 23:02:59 [main] DEBUG o.s.jdbc.core.JdbcTemplate - Executing prepared SQL query
2025-10-31 23:02:59 [main] DEBUG o.s.jdbc.core.JdbcTemplate - Executing prepared SQL statement [SELECT COUNT(*)
FROM BATCH_JOB_EXECUTION
WHERE JOB_EXECUTION_ID = ?
]
2025-10-31 23:02:59 [main] DEBUG o.s.jdbc.core.JdbcTemplate - Executing prepared SQL update
2025-10-31 23:02:59 [main] DEBUG o.s.jdbc.core.JdbcTemplate - Executing prepared SQL statement [UPDATE BATCH_JOB_EXECUTION
SET START_TIME = ?, END_TIME = ?,  STATUS = ?, EXIT_CODE = ?, EXIT_MESSAGE = ?, VERSION = ?, CREATE_TIME = ?, LAST_UPDATED = ?
WHERE JOB_EXECUTION_ID = ? AND VERSION = ?
]
2025-10-31 23:02:59 [main] INFO  o.s.b.c.l.support.SimpleJobLauncher - Job: [SimpleJob: [name=testJob]] completed with the following parameters: [{'time':'{value=1761919376679, type=class java.lang.Long, identifying=true}'}] and the following status: [COMPLETED] in 2s540ms
]]></system-out>
    <system-err><![CDATA[WARNING: A Java agent has been loaded dynamically (/Users/guohaijiao/.m2/repository/net/bytebuddy/byte-buddy-agent/1.14.10/byte-buddy-agent-1.14.10.jar)
WARNING: If a serviceability tool is in use, please run with -XX:+EnableDynamicAgentLoading to hide this warning
WARNING: If a serviceability tool is not in use, please run with -Djdk.instrument.traceUsage for more information
WARNING: Dynamic loading of agents will be disallowed by default in a future release
]]></system-err>
  </testcase>
</testsuite>